Arguments: 
  C:\Program Files\nodejs\node.exe C:\Users\RasLion\AppData\Roaming\npm\node_modules\yarn\bin\yarn.js

PATH: 
  C:\Users\RasLion\Anaconda3;C:\ProgramData\chocolatey\bin;C:\Program Files\nodejs\;C:\Program Files\Git\cmd;C:\flutter\bin;C:\Users\RasLion\AppData\Roaming\npm;C:\Users\RasLion\AppData\Local\Programs\Microsoft VS Code\bin

Yarn version: 
  1.22.17

Node version: 
  16.13.1

Platform: 
  win32 x64

Trace: 
  Error: https://registry.yarnpkg.com/react-dom: ESOCKETTIMEDOUT
      at ClientRequest.<anonymous> (C:\Users\RasLion\AppData\Roaming\npm\node_modules\yarn\lib\cli.js:141510:19)
      at Object.onceWrapper (node:events:509:28)
      at ClientRequest.emit (node:events:390:28)
      at TLSSocket.emitRequestTimeout (node:_http_client:763:9)
      at Object.onceWrapper (node:events:509:28)
      at TLSSocket.emit (node:events:402:35)
      at TLSSocket.Socket._onTimeout (node:net:501:8)
      at listOnTimeout (node:internal/timers:557:17)
      at processTimers (node:internal/timers:500:7)

npm manifest: 
  {
      "name": "project-name",
      "version": "1.0.0",
      "description": "",
      "main": "./server/app.js",
      "scripts": {
        "test": "echo \"Error: no test specified\" && exit 1",
        "dev": "nodemon --exec babel-node ./server/app.js",
        "build-backend": "babel server --out-dir build",
        "start-backend": "node --require @babel/polyfill dist/app.js",
        "start": "webpack-dev-server --open",
        "create": "webpack"
      },
      "dependencies": {
        "@babel/polyfill": "^7.8.3",
        "@hapi/joi": "^17.0.2",
        "bcrypt": "^5.0.1",
        "body-parser": "^1.19.0",
        "core-util-is": "^1.0.2",
        "cross-env": "^7.0.0",
        "dotenv": "^8.2.0",
        "express": "^4.17.1",
        "jsonwebtoken": "^8.5.1",
        "jwt-decode": "^2.2.0",
        "milsymbol": "^2.0.0",    
        "mongoose": "^5.12.3",
        "morgan": "^1.9.1",
        "nodemon": "^2.0.2",
        "password-validator": "^5.0.3",
        "react": "^17.0.2",
        "react-dom": "^17.0.2"
      },
      "devDependencies": {
        "@babel/cli": "^7.8.3",
        "@babel/core": "^7.8.3",
        "@babel/node": "^7.8.3",
        "@babel/preset-env": "^7.8.3",
        "@babel/register": "^7.8.3",
        "@babel/preset-react": "^7.16.7",
        "babel-loader": "^8.2.3",
        "css-loader": "^6.5.1",
        "html-webpack-plugin": "^5.5.0",
        "style-loader": "^3.3.1",
        "webpack": "^5.65.0",
        "webpack-cli": "^4.9.1",
        "webpack-dev-server": "^4.7.2"
      },
      "keywords": [],
      "author": "",
      "license": "ISC"
    }

yarn manifest: 
  No manifest

Lockfile: 
  No lockfile
